# Logfile created on 2014-02-03 12:48:27 -0500 by logger.rb/44203
I, [2014-02-03T12:48:27.132618 #6375]  INFO -- : 0:  rake (10.1.1) from /home/jstroop/.rvm/gems/ruby-2.1.0@my_default/specifications/rake-10.1.1.gemspec
I, [2014-02-03T12:48:27.132906 #6375]  INFO -- : 0:  i18n (0.6.9) from /home/jstroop/.rvm/gems/ruby-2.1.0@my_default/specifications/i18n-0.6.9.gemspec
I, [2014-02-03T12:48:27.133113 #6375]  INFO -- : 0:  minitest (4.7.5) from /home/jstroop/.rvm/rubies/ruby-2.1.0/lib/ruby/gems/2.1.0/specifications/default/minitest-4.7.5.gemspec
I, [2014-02-03T12:48:27.133323 #6375]  INFO -- : 0:  multi_json (1.8.4) from /home/jstroop/.rvm/gems/ruby-2.1.0@my_default/specifications/multi_json-1.8.4.gemspec
I, [2014-02-03T12:48:27.133523 #6375]  INFO -- : 0:  atomic (1.1.14) from /home/jstroop/.rvm/gems/ruby-2.1.0@my_default/specifications/atomic-1.1.14.gemspec
I, [2014-02-03T12:48:27.133722 #6375]  INFO -- : 0:  thread_safe (0.1.3) from /home/jstroop/.rvm/gems/ruby-2.1.0@my_default/specifications/thread_safe-0.1.3.gemspec
I, [2014-02-03T12:48:27.133915 #6375]  INFO -- : 0:  tzinfo (0.3.38) from /home/jstroop/.rvm/gems/ruby-2.1.0@my_default/specifications/tzinfo-0.3.38.gemspec
I, [2014-02-03T12:48:27.134116 #6375]  INFO -- : 0:  activesupport (4.0.2) from /home/jstroop/.rvm/gems/ruby-2.1.0@my_default/specifications/activesupport-4.0.2.gemspec
I, [2014-02-03T12:48:28.249033 #6375]  INFO -- : 0:  deprecation (0.1.0) from /home/jstroop/.rvm/gems/ruby-2.1.0@my_default/specifications/deprecation-0.1.0.gemspec
I, [2014-02-03T12:48:28.249900 #6375]  INFO -- : 0:  mediashelf-loggable (0.4.9) from /home/jstroop/.rvm/gems/ruby-2.1.0@my_default/specifications/mediashelf-loggable-0.4.9.gemspec
I, [2014-02-03T12:48:28.250456 #6375]  INFO -- : 0:  mini_portile (0.5.2) from /home/jstroop/.rvm/gems/ruby-2.1.0@my_default/specifications/mini_portile-0.5.2.gemspec
I, [2014-02-03T12:48:28.250998 #6375]  INFO -- : 0:  nokogiri (1.6.1) from /home/jstroop/.rvm/gems/ruby-2.1.0@my_default/specifications/nokogiri-1.6.1.gemspec
I, [2014-02-03T12:48:28.251585 #6375]  INFO -- : 0:  nom-xml (0.5.1) from /home/jstroop/.rvm/gems/ruby-2.1.0@my_default/specifications/nom-xml-0.5.1.gemspec
I, [2014-02-03T12:48:28.252132 #6375]  INFO -- : 0:  builder (3.1.4) from /home/jstroop/.rvm/gems/ruby-2.1.0@my_default/specifications/builder-3.1.4.gemspec
I, [2014-02-03T12:48:28.252685 #6375]  INFO -- : 0:  activemodel (4.0.2) from /home/jstroop/.rvm/gems/ruby-2.1.0@my_default/specifications/activemodel-4.0.2.gemspec
I, [2014-02-03T12:48:28.253239 #6375]  INFO -- : 0:  daemons (1.1.9) from /home/jstroop/.rvm/gems/ruby-2.1.0@my_default/specifications/daemons-1.1.9.gemspec
I, [2014-02-03T12:48:28.253778 #6375]  INFO -- : 0:  stomp (1.3.2) from /home/jstroop/.rvm/gems/ruby-2.1.0@my_default/specifications/stomp-1.3.2.gemspec
I, [2014-02-03T12:48:28.254334 #6375]  INFO -- : 0:  xml-simple (1.1.3) from /home/jstroop/.rvm/gems/ruby-2.1.0@my_default/specifications/xml-simple-1.1.3.gemspec
I, [2014-02-03T12:48:28.254869 #6375]  INFO -- : 0:  solrizer (3.1.1) from /home/jstroop/.rvm/gems/ruby-2.1.0@my_default/specifications/solrizer-3.1.1.gemspec
I, [2014-02-03T12:48:28.255425 #6375]  INFO -- : 0:  om (3.0.4) from /home/jstroop/.rvm/gems/ruby-2.1.0@my_default/specifications/om-3.0.4.gemspec
I, [2014-02-03T12:48:28.256060 #6375]  INFO -- : 0:  rdf (1.1.1.1) from /home/jstroop/.rvm/gems/ruby-2.1.0@my_default/specifications/rdf-1.1.1.1.gemspec
I, [2014-02-03T12:48:28.256647 #6375]  INFO -- : 0:  rdf-xsd (1.1.0) from /home/jstroop/.rvm/gems/ruby-2.1.0@my_default/specifications/rdf-xsd-1.1.0.gemspec
I, [2014-02-03T12:48:28.257183 #6375]  INFO -- : 0:  rdf-rdfxml (1.0.1) from /home/jstroop/.rvm/gems/ruby-2.1.0@my_default/specifications/rdf-rdfxml-1.0.1.gemspec
I, [2014-02-03T12:48:28.257743 #6375]  INFO -- : 0:  rsolr (1.0.9) from /home/jstroop/.rvm/gems/ruby-2.1.0@my_default/specifications/rsolr-1.0.9.gemspec
I, [2014-02-03T12:48:28.258292 #6375]  INFO -- : 0:  equivalent-xml (0.4.0) from /home/jstroop/.rvm/gems/ruby-2.1.0@my_default/specifications/equivalent-xml-0.4.0.gemspec
I, [2014-02-03T12:48:28.258862 #6375]  INFO -- : 0:  fastercsv (1.5.5) from /home/jstroop/.rvm/gems/ruby-2.1.0@my_default/specifications/fastercsv-1.5.5.gemspec
I, [2014-02-03T12:48:28.259435 #6375]  INFO -- : 0:  hooks (0.3.3) from /home/jstroop/.rvm/gems/ruby-2.1.0@my_default/specifications/hooks-0.3.3.gemspec
I, [2014-02-03T12:48:29.601119 #6375]  INFO -- : 0:  mime-types (2.1) from /home/jstroop/.rvm/gems/ruby-2.1.0@my_default/specifications/mime-types-2.1.gemspec
I, [2014-02-03T12:48:29.601739 #6375]  INFO -- : 0:  rest-client (1.6.7) from /home/jstroop/.rvm/gems/ruby-2.1.0@my_default/specifications/rest-client-1.6.7.gemspec
I, [2014-02-03T12:48:30.990230 #6375]  INFO -- : 0:  rubydora (1.7.1) from /home/jstroop/.rvm/gems/ruby-2.1.0@my_default/specifications/rubydora-1.7.1.gemspec
I, [2014-02-03T12:48:30.991118 #6375]  INFO -- : 0:  active-fedora (6.7.6) from /home/jstroop/.rvm/gems/ruby-2.1.0@my_default/specifications/active-fedora-6.7.6.gemspec
I, [2014-02-03T12:48:30.991723 #6375]  INFO -- : 0:  bundler (1.5.1) from /home/jstroop/.rvm/gems/ruby-2.1.0@global/specifications/bundler-1.5.1.gemspec
I, [2014-02-03T12:48:30.992344 #6375]  INFO -- : 0:  ffi (1.9.3) from /home/jstroop/.rvm/gems/ruby-2.1.0@my_default/specifications/ffi-1.9.3.gemspec
I, [2014-02-03T12:48:30.992945 #6375]  INFO -- : 0:  childprocess (0.4.0) from /home/jstroop/.rvm/gems/ruby-2.1.0@my_default/specifications/childprocess-0.4.0.gemspec
I, [2014-02-03T12:48:30.993546 #6375]  INFO -- : 0:  diff-lcs (1.2.5) from /home/jstroop/.rvm/gems/ruby-2.1.0@my_default/specifications/diff-lcs-1.2.5.gemspec
I, [2014-02-03T12:48:30.994118 #6375]  INFO -- : 0:  hydra-file_characterization (0.3.1) from /home/jstroop/.rvm/gems/ruby-2.1.0@my_default/specifications/hydra-file_characterization-0.3.1.gemspec
I, [2014-02-03T12:48:31.968246 #6375]  INFO -- : 0:  subexec (0.2.3) from /home/jstroop/.rvm/gems/ruby-2.1.0@my_default/specifications/subexec-0.2.3.gemspec
I, [2014-02-03T12:48:33.095907 #6375]  INFO -- : 0:  mini_magick (3.7.0) from /home/jstroop/.rvm/gems/ruby-2.1.0@my_default/specifications/mini_magick-3.7.0.gemspec
I, [2014-02-03T12:48:33.425252 #6375]  INFO -- : 0:  hydra-derivatives (0.0.7) from /home/jstroop/workspace/hydra-derivatives/hydra-derivatives.gemspec
I, [2014-02-03T12:48:33.425554 #6375]  INFO -- : 0:  logger (1.2.8) from /home/jstroop/.rvm/gems/ruby-2.1.0@my_default/specifications/logger-1.2.8.gemspec
I, [2014-02-03T12:48:34.602795 #6375]  INFO -- : 0:  jettywrapper (1.5.2) from /home/jstroop/.rvm/gems/ruby-2.1.0@my_default/specifications/jettywrapper-1.5.2.gemspec
I, [2014-02-03T12:48:34.603700 #6375]  INFO -- : 0:  rspec-core (2.14.7) from /home/jstroop/.rvm/gems/ruby-2.1.0@my_default/specifications/rspec-core-2.14.7.gemspec
I, [2014-02-03T12:48:36.001859 #6375]  INFO -- : 0:  rspec-expectations (2.14.5) from /home/jstroop/.rvm/gems/ruby-2.1.0@my_default/specifications/rspec-expectations-2.14.5.gemspec
I, [2014-02-03T12:48:37.431691 #6375]  INFO -- : 0:  rspec-mocks (2.14.5) from /home/jstroop/.rvm/gems/ruby-2.1.0@my_default/specifications/rspec-mocks-2.14.5.gemspec
I, [2014-02-03T12:48:38.137708 #6375]  INFO -- : 0:  rspec (2.14.1) from /home/jstroop/.rvm/gems/ruby-2.1.0@my_default/specifications/rspec-2.14.1.gemspec
